# JRE version: Java(TM) SE Runtime Environment (8.0_60-b27) (build 1.8.0_60-b27)
# Java VM: Java HotSpot(TM) 64-Bit Server VM (25.60-b23 mixed mode windows-amd64 compressed oops)
Heap:
 PSYoungGen      total 315392K, used 124057K [0x00000000d5d80000, 0x00000000ea600000, 0x0000000100000000)
  eden space 301056K, 37% used [0x00000000d5d80000,0x00000000dca82608,0x00000000e8380000)
  from space 14336K, 86% used [0x00000000e9300000,0x00000000e9f23e30,0x00000000ea100000)
  to   space 15872K, 0% used [0x00000000e8380000,0x00000000e8380000,0x00000000e9300000)
 ParOldGen       total 91136K, used 53461K [0x0000000081800000, 0x0000000087100000, 0x00000000d5d80000)
  object space 91136K, 58% used [0x0000000081800000,0x0000000084c35560,0x0000000087100000)
 Metaspace       used 60838K, capacity 62926K, committed 63064K, reserved 1103872K
  class space    used 7389K, capacity 7746K, committed 7808K, reserved 1048576K
GC Heap History (10 events):
Event: 480.022 GC heap before
{Heap before GC invocations=41 (full 4):
 PSYoungGen      total 251904K, used 244102K [0x00000000d5d80000, 0x00000000e6480000, 0x0000000100000000)
  eden space 237056K, 100% used [0x00000000d5d80000,0x00000000e4500000,0x00000000e4500000)
  from space 14848K, 47% used [0x00000000e5300000,0x00000000e59e1b50,0x00000000e6180000)
  to   space 14336K, 0% used [0x00000000e4500000,0x00000000e4500000,0x00000000e5300000)
 ParOldGen       total 91136K, used 53947K [0x0000000081800000, 0x0000000087100000, 0x00000000d5d80000)
  object space 91136K, 59% used [0x0000000081800000,0x0000000084caeee8,0x0000000087100000)
 Metaspace       used 59201K, capacity 60994K, committed 61016K, reserved 1103872K
  class space    used 7227K, capacity 7547K, committed 7552K, reserved 1048576K
Event: 480.036 GC heap after
Heap after GC invocations=41 (full 4):
 PSYoungGen      total 251392K, used 4107K [0x00000000d5d80000, 0x00000000e8080000, 0x0000000100000000)
  eden space 237056K, 0% used [0x00000000d5d80000,0x00000000d5d80000,0x00000000e4500000)
  from space 14336K, 28% used [0x00000000e4500000,0x00000000e4902e00,0x00000000e5300000)
  to   space 14336K, 0% used [0x00000000e7280000,0x00000000e7280000,0x00000000e8080000)
 ParOldGen       total 91136K, used 59371K [0x0000000081800000, 0x0000000087100000, 0x00000000d5d80000)
  object space 91136K, 65% used [0x0000000081800000,0x00000000851faf48,0x0000000087100000)
 Metaspace       used 59201K, capacity 60994K, committed 61016K, reserved 1103872K
  class space    used 7227K, capacity 7547K, committed 7552K, reserved 1048576K
}
Event: 612.354 GC heap before
{Heap before GC invocations=42 (full 4):
 PSYoungGen      total 251392K, used 180404K [0x00000000d5d80000, 0x00000000e8080000, 0x0000000100000000)
  eden space 237056K, 74% used [0x00000000d5d80000,0x00000000e09aa5d8,0x00000000e4500000)
  from space 14336K, 28% used [0x00000000e4500000,0x00000000e4902e00,0x00000000e5300000)
  to   space 14336K, 0% used [0x00000000e7280000,0x00000000e7280000,0x00000000e8080000)
 ParOldGen       total 91136K, used 59371K [0x0000000081800000, 0x0000000087100000, 0x00000000d5d80000)
  object space 91136K, 65% used [0x0000000081800000,0x00000000851faf48,0x0000000087100000)
 Metaspace       used 59455K, capacity 61306K, committed 61656K, reserved 1103872K
  class space    used 7244K, capacity 7568K, committed 7680K, reserved 1048576K
Event: 612.362 GC heap after
Heap after GC invocations=42 (full 4):
 PSYoungGen      total 283648K, used 736K [0x00000000d5d80000, 0x00000000e8080000, 0x0000000100000000)
  eden space 269312K, 0% used [0x00000000d5d80000,0x00000000d5d80000,0x00000000e6480000)
  from space 14336K, 5% used [0x00000000e7280000,0x00000000e7338000,0x00000000e8080000)
  to   space 14336K, 0% used [0x00000000e6480000,0x00000000e6480000,0x00000000e7280000)
 ParOldGen       total 91136K, used 62051K [0x0000000081800000, 0x0000000087100000, 0x00000000d5d80000)
  object space 91136K, 68% used [0x0000000081800000,0x0000000085498fb8,0x0000000087100000)
 Metaspace       used 59455K, capacity 61306K, committed 61656K, reserved 1103872K
  class space    used 7244K, capacity 7568K, committed 7680K, reserved 1048576K
}
Event: 612.362 GC heap before
{Heap before GC invocations=43 (full 5):
 PSYoungGen      total 283648K, used 736K [0x00000000d5d80000, 0x00000000e8080000, 0x0000000100000000)
  eden space 269312K, 0% used [0x00000000d5d80000,0x00000000d5d80000,0x00000000e6480000)
  from space 14336K, 5% used [0x00000000e7280000,0x00000000e7338000,0x00000000e8080000)
  to   space 14336K, 0% used [0x00000000e6480000,0x00000000e6480000,0x00000000e7280000)
 ParOldGen       total 91136K, used 62051K [0x0000000081800000, 0x0000000087100000, 0x00000000d5d80000)
  object space 91136K, 68% used [0x0000000081800000,0x0000000085498fb8,0x0000000087100000)
 Metaspace       used 59455K, capacity 61306K, committed 61656K, reserved 1103872K
  class space    used 7244K, capacity 7568K, committed 7680K, reserved 1048576K
Event: 612.874 GC heap after
Heap after GC invocations=43 (full 5):
 PSYoungGen      total 283648K, used 0K [0x00000000d5d80000, 0x00000000e8080000, 0x0000000100000000)
  eden space 269312K, 0% used [0x00000000d5d80000,0x00000000d5d80000,0x00000000e6480000)
  from space 14336K, 0% used [0x00000000e7280000,0x00000000e7280000,0x00000000e8080000)
  to   space 14336K, 0% used [0x00000000e6480000,0x00000000e6480000,0x00000000e7280000)
 ParOldGen       total 91136K, used 49008K [0x0000000081800000, 0x0000000087100000, 0x00000000d5d80000)
  object space 91136K, 53% used [0x0000000081800000,0x00000000847dc158,0x0000000087100000)
 Metaspace       used 59447K, capacity 61294K, committed 61656K, reserved 1103872K
  class space    used 7243K, capacity 7566K, committed 7680K, reserved 1048576K
}
Event: 617.620 GC heap before
{Heap before GC invocations=44 (full 5):
 PSYoungGen      total 283648K, used 269312K [0x00000000d5d80000, 0x00000000e8080000, 0x0000000100000000)
  eden space 269312K, 100% used [0x00000000d5d80000,0x00000000e6480000,0x00000000e6480000)
  from space 14336K, 0% used [0x00000000e7280000,0x00000000e7280000,0x00000000e8080000)
  to   space 14336K, 0% used [0x00000000e6480000,0x00000000e6480000,0x00000000e7280000)
 ParOldGen       total 91136K, used 49008K [0x0000000081800000, 0x0000000087100000, 0x00000000d5d80000)
  object space 91136K, 53% used [0x0000000081800000,0x00000000847dc158,0x0000000087100000)
 Metaspace       used 59883K, capacity 61852K, committed 61912K, reserved 1103872K
  class space    used 7319K, capacity 7663K, committed 7680K, reserved 1048576K
Event: 617.630 GC heap after
Heap after GC invocations=44 (full 5):
 PSYoungGen      total 283648K, used 8298K [0x00000000d5d80000, 0x00000000ea100000, 0x0000000100000000)
  eden space 269312K, 0% used [0x00000000d5d80000,0x00000000d5d80000,0x00000000e6480000)
  from space 14336K, 57% used [0x00000000e6480000,0x00000000e6c9ab10,0x00000000e7280000)
  to   space 14336K, 0% used [0x00000000e9300000,0x00000000e9300000,0x00000000ea100000)
 ParOldGen       total 91136K, used 49016K [0x0000000081800000, 0x0000000087100000, 0x00000000d5d80000)
  object space 91136K, 53% used [0x0000000081800000,0x00000000847de158,0x0000000087100000)
 Metaspace       used 59883K, capacity 61852K, committed 61912K, reserved 1103872K
  class space    used 7319K, capacity 7663K, committed 7680K, reserved 1048576K
}
Event: 619.938 GC heap before
{Heap before GC invocations=45 (full 5):
 PSYoungGen      total 283648K, used 277610K [0x00000000d5d80000, 0x00000000ea100000, 0x0000000100000000)
  eden space 269312K, 100% used [0x00000000d5d80000,0x00000000e6480000,0x00000000e6480000)
  from space 14336K, 57% used [0x00000000e6480000,0x00000000e6c9ab10,0x00000000e7280000)
  to   space 14336K, 0% used [0x00000000e9300000,0x00000000e9300000,0x00000000ea100000)
 ParOldGen       total 91136K, used 49016K [0x0000000081800000, 0x0000000087100000, 0x00000000d5d80000)
  object space 91136K, 53% used [0x0000000081800000,0x00000000847de158,0x0000000087100000)
 Metaspace       used 60833K, capacity 62926K, committed 63064K, reserved 1103872K
  class space    used 7389K, capacity 7746K, committed 7808K, reserved 1048576K
Event: 619.961 GC heap after
Heap after GC invocations=45 (full 5):
 PSYoungGen      total 315392K, used 12431K [0x00000000d5d80000, 0x00000000ea600000, 0x0000000100000000)
  eden space 301056K, 0% used [0x00000000d5d80000,0x00000000d5d80000,0x00000000e8380000)
  from space 14336K, 86% used [0x00000000e9300000,0x00000000e9f23e30,0x00000000ea100000)
  to   space 15872K, 0% used [0x00000000e8380000,0x00000000e8380000,0x00000000e9300000)
 ParOldGen       total 91136K, used 53461K [0x0000000081800000, 0x0000000087100000, 0x00000000d5d80000)
  object space 91136K, 58% used [0x0000000081800000,0x0000000084c35560,0x0000000087100000)
 Metaspace       used 60833K, capacity 62926K, committed 63064K, reserved 1103872K
  class space    used 7389K, capacity 7746K, committed 7808K, reserved 1048576K
}

